<?xml version="1.0" encoding="UTF-8"?>
<!-- Generated by org.testng.reporters.JUnitReportReporter -->
<<<<<<< HEAD
<testsuite name="enh.web.tests.ZestIOT_AV_2307_DIAL_Delhi_Validate_LANDING_ONBLOCK_OFFBLOCK_AIRBORNE_timestamps_of_Arrival_and_Departure_aircrafts_Any_Data_source" tests="1" time="43.893" ignored="0" failures="0" timestamp="13 Dec 2019 05:24:48 GMT" skipped="0" hostname="ESL007" errors="0">
  <testcase name="test" time="43.893" classname="enh.web.tests.ZestIOT_AV_2307_DIAL_Delhi_Validate_LANDING_ONBLOCK_OFFBLOCK_AIRBORNE_timestamps_of_Arrival_and_Departure_aircrafts_Any_Data_source"/>
=======
<testsuite skipped="0" hostname="DESKTOP-4FTJ60U" name="enh.web.tests.ZestIOT_AV_2307_DIAL_Delhi_Validate_LANDING_ONBLOCK_OFFBLOCK_AIRBORNE_timestamps_of_Arrival_and_Departure_aircrafts_Any_Data_source" tests="1" failures="0" timestamp="12 Dec 2019 16:29:37 GMT" time="75.094" errors="0">
  <testcase name="test" time="75.094" classname="enh.web.tests.ZestIOT_AV_2307_DIAL_Delhi_Validate_LANDING_ONBLOCK_OFFBLOCK_AIRBORNE_timestamps_of_Arrival_and_Departure_aircrafts_Any_Data_source"/>
>>>>>>> ece2bc0dc6472b9597733113b29950d08a793378
</testsuite> <!-- enh.web.tests.ZestIOT_AV_2307_DIAL_Delhi_Validate_LANDING_ONBLOCK_OFFBLOCK_AIRBORNE_timestamps_of_Arrival_and_Departure_aircrafts_Any_Data_source -->
