<?xml version="1.0" encoding="UTF-8"?>
<!-- Generated by org.testng.reporters.JUnitReportReporter -->
<testsuite skipped="0" hostname="DESKTOP-4FTJ60U" name="enh.web.tests.ZestIOT_016_Celebi_User_BFL_group_Activity_Validation" tests="1" failures="0" timestamp="19 Dec 2019 06:32:53 GMT" time="1026.864" errors="0">
  <testcase name="test" time="1026.864" classname="enh.web.tests.ZestIOT_016_Celebi_User_BFL_group_Activity_Validation"/>
</testsuite> <!-- enh.web.tests.ZestIOT_016_Celebi_User_BFL_group_Activity_Validation -->
