<?xml version="1.0" encoding="UTF-8"?>
<!-- Generated by org.testng.reporters.JUnitReportReporter -->
<testsuite skipped="0" hostname="DESKTOP-4FTJ60U" name="enh.web.tests.ZestIOT_AV_2268_Validate_Accuracy_of_COBT_For_DIALCelebi_User" tests="1" failures="0" timestamp="09 Jan 2020 09:19:50 GMT" time="1226.990" errors="0">
  <testcase name="test" time="1226.990" classname="enh.web.tests.ZestIOT_AV_2268_Validate_Accuracy_of_COBT_For_DIALCelebi_User"/>
</testsuite> <!-- enh.web.tests.ZestIOT_AV_2268_Validate_Accuracy_of_COBT_For_DIALCelebi_User -->
