<?xml version="1.0" encoding="UTF-8"?>
<!-- Generated by org.testng.reporters.JUnitReportReporter -->
<testsuite skipped="0" hostname="DESKTOP-4FTJ60U" name="enh.web.tests.ZestIOT_AV_2293_DIAL_Delhi_Identify_coverage_of_Flight_Sensor_and_Validate_timestamps_of_Arrival_Aircrafts" tests="1" failures="0" timestamp="11 Dec 2019 08:44:43 GMT" time="18.092" errors="0">
  <testcase name="test" time="18.092" classname="enh.web.tests.ZestIOT_AV_2293_DIAL_Delhi_Identify_coverage_of_Flight_Sensor_and_Validate_timestamps_of_Arrival_Aircrafts"/>
</testsuite> <!-- enh.web.tests.ZestIOT_AV_2293_DIAL_Delhi_Identify_coverage_of_Flight_Sensor_and_Validate_timestamps_of_Arrival_Aircrafts -->
