<?xml version="1.0" encoding="UTF-8"?>
<!-- Generated by org.testng.reporters.JUnitReportReporter -->
<testsuite skipped="0" hostname="DESKTOP-4FTJ60U" name="enh.web.tests.ZestIOT_AV_2307_Validate_LANDING_ONBLOCK_OFFBLOCK_AIRBORNE_timestamps_of_Arrival_and_Departure_aircrafts_Any_Data_source" tests="1" failures="0" timestamp="11 Dec 2019 07:02:30 GMT" time="38.544" errors="0">
  <testcase name="test" time="38.544" classname="enh.web.tests.ZestIOT_AV_2307_Validate_LANDING_ONBLOCK_OFFBLOCK_AIRBORNE_timestamps_of_Arrival_and_Departure_aircrafts_Any_Data_source"/>
</testsuite> <!-- enh.web.tests.ZestIOT_AV_2307_Validate_LANDING_ONBLOCK_OFFBLOCK_AIRBORNE_timestamps_of_Arrival_and_Departure_aircrafts_Any_Data_source -->
