<?xml version="1.0" encoding="UTF-8"?>
<!-- Generated by org.testng.reporters.JUnitReportReporter -->
<testsuite name="enh.web.tests.ZestIOT_AV_2293_CELEBI_Delhi_Identify_coverage_of_Flight_Sensor_and_Validate_timestamps_of_Arrival_Aircrafts" tests="1" time="18.053" ignored="0" failures="0" timestamp="17 Dec 2019 04:58:16 GMT" skipped="0" hostname="ESL007" errors="0">
  <testcase name="test" time="18.053" classname="enh.web.tests.ZestIOT_AV_2293_CELEBI_Delhi_Identify_coverage_of_Flight_Sensor_and_Validate_timestamps_of_Arrival_Aircrafts"/>
</testsuite> <!-- enh.web.tests.ZestIOT_AV_2293_CELEBI_Delhi_Identify_coverage_of_Flight_Sensor_and_Validate_timestamps_of_Arrival_Aircrafts -->
