<?xml version="1.0" encoding="UTF-8"?>
<!-- Generated by org.testng.reporters.JUnitReportReporter -->
<testsuite skipped="0" hostname="DESKTOP-4FTJ60U" name="enh.web.tests.ZestIOT_UI_AV_2304_Identify_the_coverage_of_Boarding_activities_and_validate_timestamps_Dial" tests="1" failures="0" timestamp="13 Dec 2019 10:53:41 GMT" time="1142.748" errors="0">
  <testcase name="test" time="1142.748" classname="enh.web.tests.ZestIOT_UI_AV_2304_Identify_the_coverage_of_Boarding_activities_and_validate_timestamps_Dial"/>
</testsuite> <!-- enh.web.tests.ZestIOT_UI_AV_2304_Identify_the_coverage_of_Boarding_activities_and_validate_timestamps_Dial -->
