<?xml version="1.0" encoding="UTF-8"?>
<!-- Generated by org.testng.reporters.JUnitReportReporter -->
<testsuite skipped="0" hostname="DESKTOP-4FTJ60U" name="enh.web.tests.ZestIOT_AV_2307_GMR_HYD_Validate_LANDING_ONBLOCK_OFFBLOCK_AIRBORNE_timestamps_of_Arrival_and_Departure_aircrafts_Any_Data_source" tests="1" failures="0" timestamp="11 Dec 2019 08:44:43 GMT" time="37.810" errors="0">
  <testcase name="test" time="37.810" classname="enh.web.tests.ZestIOT_AV_2307_GMR_HYD_Validate_LANDING_ONBLOCK_OFFBLOCK_AIRBORNE_timestamps_of_Arrival_and_Departure_aircrafts_Any_Data_source"/>
</testsuite> <!-- enh.web.tests.ZestIOT_AV_2307_GMR_HYD_Validate_LANDING_ONBLOCK_OFFBLOCK_AIRBORNE_timestamps_of_Arrival_and_Departure_aircrafts_Any_Data_source -->
