<?xml version="1.0" encoding="UTF-8"?>
<!-- Generated by org.testng.reporters.JUnitReportReporter -->
<testsuite skipped="0" hostname="DESKTOP-4FTJ60U" name="enh.web.tests.ZestIOT_000_bsspl" tests="1" failures="0" timestamp="26 Dec 2019 05:07:25 GMT" time="453.242" errors="0">
  <testcase name="test" time="453.242" classname="enh.web.tests.ZestIOT_000_bsspl"/>
</testsuite> <!-- enh.web.tests.ZestIOT_000_bsspl -->
