<?xml version="1.0" encoding="UTF-8"?>
<!-- Generated by org.testng.reporters.JUnitReportReporter -->
<testsuite name="enh.web.tests.ZestIOT_000_bsspl" tests="1" time="542.946" ignored="0" failures="0" timestamp="18 Dec 2019 13:31:55 GMT" skipped="0" hostname="ESL007" errors="0">
  <testcase name="test" time="542.946" classname="enh.web.tests.ZestIOT_000_bsspl"/>
</testsuite> <!-- enh.web.tests.ZestIOT_000_bsspl -->
