<?xml version="1.0" encoding="UTF-8"?>
<!-- Generated by org.testng.reporters.JUnitReportReporter -->
<testsuite skipped="0" hostname="DESKTOP-4FTJ60U" name="enh.web.tests.ZestIOT_AV_2294_GMR_HYD_SensorATD_And_Scheduled_data_Validation" tests="1" failures="0" timestamp="06 Dec 2019 10:43:25 GMT" time="24.346" errors="0">
  <testcase name="test" time="24.346" classname="enh.web.tests.ZestIOT_AV_2294_GMR_HYD_SensorATD_And_Scheduled_data_Validation"/>
</testsuite> <!-- enh.web.tests.ZestIOT_AV_2294_GMR_HYD_SensorATD_And_Scheduled_data_Validation -->
