<?xml version="1.0" encoding="UTF-8"?>
<!-- Generated by org.testng.reporters.JUnitReportReporter -->
<testsuite name="enh.web.tests.ZestIOT_AV_2307_SG_HYD_Validate_LANDING_ONBLOCK_OFFBLOCK_AIRBORNE_timestamps_of_Arrival_and_Departure_aircrafts_Any_Data_source" tests="1" time="36.598" ignored="0" failures="0" timestamp="20 Dec 2019 04:49:04 GMT" skipped="0" hostname="ESL007" errors="0">
  <testcase name="test" time="36.598" classname="enh.web.tests.ZestIOT_AV_2307_SG_HYD_Validate_LANDING_ONBLOCK_OFFBLOCK_AIRBORNE_timestamps_of_Arrival_and_Departure_aircrafts_Any_Data_source"/>
</testsuite> <!-- enh.web.tests.ZestIOT_AV_2307_SG_HYD_Validate_LANDING_ONBLOCK_OFFBLOCK_AIRBORNE_timestamps_of_Arrival_and_Departure_aircrafts_Any_Data_source -->
