<?xml version="1.0" encoding="UTF-8"?>
<!-- Generated by org.testng.reporters.JUnitReportReporter -->
<testsuite skipped="0" hostname="DESKTOP-4FTJ60U" name="enh.web.tests.ZestIOT_AV_2405_bsspl" tests="1" failures="0" timestamp="09 Jan 2020 06:11:58 GMT" time="676.783" errors="0">
  <testcase name="test" time="676.783" classname="enh.web.tests.ZestIOT_AV_2405_bsspl"/>
</testsuite> <!-- enh.web.tests.ZestIOT_AV_2405_bsspl -->
