<?xml version="1.0" encoding="UTF-8"?>
<!-- Generated by org.testng.reporters.JUnitReportReporter -->
<testsuite name="enh.web.tests.ZestIOT_UI_AV_2298_Identify_Coverage_of_Deplane_Activities" tests="1" time="102.082" ignored="0" failures="0" timestamp="13 Dec 2019 11:04:34 GMT" skipped="0" hostname="ESL007" errors="0">
  <testcase name="test" time="102.082" classname="enh.web.tests.ZestIOT_UI_AV_2298_Identify_Coverage_of_Deplane_Activities"/>
</testsuite> <!-- enh.web.tests.ZestIOT_UI_AV_2298_Identify_Coverage_of_Deplane_Activities -->
