<?xml version="1.0" encoding="UTF-8"?>
<!-- Generated by org.testng.reporters.JUnitReportReporter -->
<testsuite skipped="0" hostname="ESL007" name="enh.web.tests.ZestIOT_AV_2293_BSSPL_Delhi_Identify_coverage_of_Flight_Sensor_and_Validate_timestamps_of_Arrival_Aircrafts" tests="1" failures="0" timestamp="16 Dec 2019 10:31:35 GMT" time="15.868" errors="0">
  <testcase name="test" time="15.868" classname="enh.web.tests.ZestIOT_AV_2293_BSSPL_Delhi_Identify_coverage_of_Flight_Sensor_and_Validate_timestamps_of_Arrival_Aircrafts"/>
</testsuite> <!-- enh.web.tests.ZestIOT_AV_2293_BSSPL_Delhi_Identify_coverage_of_Flight_Sensor_and_Validate_timestamps_of_Arrival_Aircrafts -->
