<?xml version="1.0" encoding="UTF-8"?>
<!-- Generated by org.testng.reporters.JUnitReportReporter -->
<testsuite skipped="0" hostname="DESKTOP-4FTJ60U" name="enh.web.tests.ZestIOT_021_Verifying_COBT_For_GMR_HYD_SG_User" tests="1" failures="0" timestamp="28 Nov 2019 12:49:55 GMT" time="3.636" errors="0">
  <testcase name="test" time="3.636" classname="enh.web.tests.ZestIOT_021_Verifying_COBT_For_GMR_HYD_SG_User"/>
</testsuite> <!-- enh.web.tests.ZestIOT_021_Verifying_COBT_For_GMR_HYD_SG_User -->
