<?xml version="1.0" encoding="UTF-8"?>
<!-- Generated by org.testng.reporters.JUnitReportReporter -->
<testsuite name="enh.web.tests.ZestIOT_GMR_HYD_AV_2294_Identify_coverage_of_Flight_Sensor_and_Validate_timestamps_of_Departure_Aircrafts" tests="1" time="22.849" ignored="0" failures="0" timestamp="10 Dec 2019 09:42:34 GMT" skipped="0" hostname="ESL007" errors="0">
  <testcase name="test" time="22.849" classname="enh.web.tests.ZestIOT_GMR_HYD_AV_2294_Identify_coverage_of_Flight_Sensor_and_Validate_timestamps_of_Departure_Aircrafts"/>
</testsuite> <!-- enh.web.tests.ZestIOT_GMR_HYD_AV_2294_Identify_coverage_of_Flight_Sensor_and_Validate_timestamps_of_Departure_Aircrafts -->
