<?xml version="1.0" encoding="UTF-8"?>
<!-- Generated by org.testng.reporters.JUnitReportReporter -->
<testsuite skipped="0" hostname="DESKTOP-4FTJ60U" name="enh.web.tests.ZestIOT_000_bsspl" tests="83" failures="0" timestamp="16 Dec 2019 11:47:23 GMT" time="981.556" errors="0">
  <testcase name="test" time="5.659" classname="enh.web.tests.ZestIOT_000_bsspl"/>
  <testcase name="test" time="14.381" classname="enh.web.tests.ZestIOT_000_bsspl"/>
  <testcase name="test" time="5.904" classname="enh.web.tests.ZestIOT_000_bsspl"/>
  <testcase name="test" time="8.757" classname="enh.web.tests.ZestIOT_000_bsspl"/>
  <testcase name="test" time="10.631" classname="enh.web.tests.ZestIOT_000_bsspl"/>
  <testcase name="test" time="5.812" classname="enh.web.tests.ZestIOT_000_bsspl"/>
  <testcase name="test" time="7.666" classname="enh.web.tests.ZestIOT_000_bsspl"/>
  <testcase name="test" time="16.639" classname="enh.web.tests.ZestIOT_000_bsspl"/>
  <testcase name="test" time="7.018" classname="enh.web.tests.ZestIOT_000_bsspl"/>
  <testcase name="test" time="13.987" classname="enh.web.tests.ZestIOT_000_bsspl"/>
  <testcase name="test" time="10.822" classname="enh.web.tests.ZestIOT_000_bsspl"/>
  <testcase name="test" time="10.314" classname="enh.web.tests.ZestIOT_000_bsspl"/>
  <testcase name="test" time="15.643" classname="enh.web.tests.ZestIOT_000_bsspl"/>
  <testcase name="test" time="20.616" classname="enh.web.tests.ZestIOT_000_bsspl"/>
  <testcase name="test" time="19.602" classname="enh.web.tests.ZestIOT_000_bsspl"/>
  <testcase name="test" time="15.354" classname="enh.web.tests.ZestIOT_000_bsspl"/>
  <testcase name="test" time="15.738" classname="enh.web.tests.ZestIOT_000_bsspl"/>
  <testcase name="test" time="16.495" classname="enh.web.tests.ZestIOT_000_bsspl"/>
  <testcase name="test" time="7.950" classname="enh.web.tests.ZestIOT_000_bsspl"/>
  <testcase name="test" time="15.635" classname="enh.web.tests.ZestIOT_000_bsspl"/>
  <testcase name="test" time="19.284" classname="enh.web.tests.ZestIOT_000_bsspl"/>
  <testcase name="test" time="9.032" classname="enh.web.tests.ZestIOT_000_bsspl"/>
  <testcase name="test" time="9.133" classname="enh.web.tests.ZestIOT_000_bsspl"/>
  <testcase name="test" time="11.024" classname="enh.web.tests.ZestIOT_000_bsspl"/>
  <testcase name="test" time="16.751" classname="enh.web.tests.ZestIOT_000_bsspl"/>
  <testcase name="test" time="13.300" classname="enh.web.tests.ZestIOT_000_bsspl"/>
  <testcase name="test" time="6.205" classname="enh.web.tests.ZestIOT_000_bsspl"/>
  <testcase name="test" time="8.156" classname="enh.web.tests.ZestIOT_000_bsspl"/>
  <testcase name="test" time="11.891" classname="enh.web.tests.ZestIOT_000_bsspl"/>
  <testcase name="test" time="17.926" classname="enh.web.tests.ZestIOT_000_bsspl"/>
  <testcase name="test" time="13.564" classname="enh.web.tests.ZestIOT_000_bsspl"/>
  <testcase name="test" time="11.651" classname="enh.web.tests.ZestIOT_000_bsspl"/>
  <testcase name="test" time="20.988" classname="enh.web.tests.ZestIOT_000_bsspl"/>
  <testcase name="test" time="15.819" classname="enh.web.tests.ZestIOT_000_bsspl"/>
  <testcase name="test" time="9.663" classname="enh.web.tests.ZestIOT_000_bsspl"/>
  <testcase name="test" time="11.117" classname="enh.web.tests.ZestIOT_000_bsspl"/>
  <testcase name="test" time="11.520" classname="enh.web.tests.ZestIOT_000_bsspl"/>
  <testcase name="test" time="17.362" classname="enh.web.tests.ZestIOT_000_bsspl"/>
  <testcase name="test" time="17.276" classname="enh.web.tests.ZestIOT_000_bsspl"/>
  <testcase name="test" time="10.213" classname="enh.web.tests.ZestIOT_000_bsspl"/>
  <testcase name="test" time="13.925" classname="enh.web.tests.ZestIOT_000_bsspl"/>
  <testcase name="test" time="5.885" classname="enh.web.tests.ZestIOT_000_bsspl"/>
  <testcase name="test" time="9.196" classname="enh.web.tests.ZestIOT_000_bsspl"/>
  <testcase name="test" time="21.107" classname="enh.web.tests.ZestIOT_000_bsspl"/>
  <testcase name="test" time="16.800" classname="enh.web.tests.ZestIOT_000_bsspl"/>
  <testcase name="test" time="21.332" classname="enh.web.tests.ZestIOT_000_bsspl"/>
  <testcase name="test" time="5.641" classname="enh.web.tests.ZestIOT_000_bsspl"/>
  <testcase name="test" time="17.423" classname="enh.web.tests.ZestIOT_000_bsspl"/>
  <testcase name="test" time="5.790" classname="enh.web.tests.ZestIOT_000_bsspl"/>
  <testcase name="test" time="8.520" classname="enh.web.tests.ZestIOT_000_bsspl"/>
  <testcase name="test" time="10.499" classname="enh.web.tests.ZestIOT_000_bsspl"/>
  <testcase name="test" time="8.891" classname="enh.web.tests.ZestIOT_000_bsspl"/>
  <testcase name="test" time="5.930" classname="enh.web.tests.ZestIOT_000_bsspl"/>
  <testcase name="test" time="6.067" classname="enh.web.tests.ZestIOT_000_bsspl"/>
  <testcase name="test" time="9.374" classname="enh.web.tests.ZestIOT_000_bsspl"/>
  <testcase name="test" time="12.333" classname="enh.web.tests.ZestIOT_000_bsspl"/>
  <testcase name="test" time="10.106" classname="enh.web.tests.ZestIOT_000_bsspl"/>
  <testcase name="test" time="5.756" classname="enh.web.tests.ZestIOT_000_bsspl"/>
  <testcase name="test" time="14.240" classname="enh.web.tests.ZestIOT_000_bsspl"/>
  <testcase name="test" time="7.568" classname="enh.web.tests.ZestIOT_000_bsspl"/>
  <testcase name="test" time="7.081" classname="enh.web.tests.ZestIOT_000_bsspl"/>
  <testcase name="test" time="11.302" classname="enh.web.tests.ZestIOT_000_bsspl"/>
  <testcase name="test" time="8.718" classname="enh.web.tests.ZestIOT_000_bsspl"/>
  <testcase name="test" time="12.835" classname="enh.web.tests.ZestIOT_000_bsspl"/>
  <testcase name="test" time="13.366" classname="enh.web.tests.ZestIOT_000_bsspl"/>
  <testcase name="test" time="8.359" classname="enh.web.tests.ZestIOT_000_bsspl"/>
  <testcase name="test" time="13.216" classname="enh.web.tests.ZestIOT_000_bsspl"/>
  <testcase name="test" time="15.643" classname="enh.web.tests.ZestIOT_000_bsspl"/>
  <testcase name="test" time="15.635" classname="enh.web.tests.ZestIOT_000_bsspl"/>
  <testcase name="test" time="8.327" classname="enh.web.tests.ZestIOT_000_bsspl"/>
  <testcase name="test" time="11.388" classname="enh.web.tests.ZestIOT_000_bsspl"/>
  <testcase name="test" time="9.383" classname="enh.web.tests.ZestIOT_000_bsspl"/>
  <testcase name="test" time="10.511" classname="enh.web.tests.ZestIOT_000_bsspl"/>
  <testcase name="test" time="9.183" classname="enh.web.tests.ZestIOT_000_bsspl"/>
  <testcase name="test" time="9.492" classname="enh.web.tests.ZestIOT_000_bsspl"/>
  <testcase name="test" time="10.743" classname="enh.web.tests.ZestIOT_000_bsspl"/>
  <testcase name="test" time="12.552" classname="enh.web.tests.ZestIOT_000_bsspl"/>
  <testcase name="test" time="6.224" classname="enh.web.tests.ZestIOT_000_bsspl"/>
  <testcase name="test" time="13.426" classname="enh.web.tests.ZestIOT_000_bsspl"/>
  <testcase name="test" time="8.753" classname="enh.web.tests.ZestIOT_000_bsspl"/>
  <testcase name="test" time="17.916" classname="enh.web.tests.ZestIOT_000_bsspl"/>
  <testcase name="test" time="5.650" classname="enh.web.tests.ZestIOT_000_bsspl"/>
  <testcase name="test" time="18.972" classname="enh.web.tests.ZestIOT_000_bsspl"/>
</testsuite> <!-- enh.web.tests.ZestIOT_000_bsspl -->
