<?xml version="1.0" encoding="UTF-8"?>
<!-- Generated by org.testng.reporters.JUnitReportReporter -->
<testsuite name="enh.web.tests.ZestIOT_AV_2294__DIAL_Delhi_Identify_coverage_of_Flight_Sensor_and_Validate_timestamps_of_Departure_Aircrafts" tests="1" time="21.627" ignored="0" failures="0" timestamp="10 Dec 2019 11:53:08 GMT" skipped="0" hostname="ESL007" errors="0">
  <testcase name="test" time="21.627" classname="enh.web.tests.ZestIOT_AV_2294__DIAL_Delhi_Identify_coverage_of_Flight_Sensor_and_Validate_timestamps_of_Departure_Aircrafts"/>
</testsuite> <!-- enh.web.tests.ZestIOT_AV_2294__DIAL_Delhi_Identify_coverage_of_Flight_Sensor_and_Validate_timestamps_of_Departure_Aircrafts -->
