<?xml version="1.0" encoding="UTF-8"?>
<!-- Generated by org.testng.reporters.JUnitReportReporter -->
<testsuite skipped="0" hostname="DESKTOP-4FTJ60U" name="enh.web.tests.ZestIOT_AV_2293_GMR_HYD_SensorATA_And_Scheduled_data_Validation" tests="1" failures="0" timestamp="06 Dec 2019 11:05:10 GMT" time="20.803" errors="0">
  <testcase name="test" time="20.803" classname="enh.web.tests.ZestIOT_AV_2293_GMR_HYD_SensorATA_And_Scheduled_data_Validation"/>
</testsuite> <!-- enh.web.tests.ZestIOT_AV_2293_GMR_HYD_SensorATA_And_Scheduled_data_Validation -->
