<?xml version="1.0" encoding="UTF-8"?>
<!-- Generated by org.testng.reporters.JUnitReportReporter -->
<testsuite skipped="0" hostname="DESKTOP-4FTJ60U" name="enh.web.tests.ZestIOT_AV_2307_GMR_HYD_Validate_LANDING_ONBLOCK_OFFBLOCK_AIRBORNE_timestamps_of_Arrival_and_Departure_aircrafts_Any_Data_source" tests="1" failures="0" timestamp="13 Jan 2020 10:45:20 GMT" time="46.711" errors="0">
  <testcase name="test" time="46.711" classname="enh.web.tests.ZestIOT_AV_2307_GMR_HYD_Validate_LANDING_ONBLOCK_OFFBLOCK_AIRBORNE_timestamps_of_Arrival_and_Departure_aircrafts_Any_Data_source"/>
</testsuite> <!-- enh.web.tests.ZestIOT_AV_2307_GMR_HYD_Validate_LANDING_ONBLOCK_OFFBLOCK_AIRBORNE_timestamps_of_Arrival_and_Departure_aircrafts_Any_Data_source -->
