<?xml version="1.0" encoding="UTF-8"?>
<!-- Generated by org.testng.reporters.JUnitReportReporter -->
<testsuite skipped="0" hostname="DESKTOP-4FTJ60U" name="enh.web.tests.ZestIOT_019_Verifying_COBT_For_DIALCelebi_User" tests="1" failures="0" timestamp="02 Dec 2019 06:04:42 GMT" time="5.898" errors="0">
  <testcase name="test" time="5.898" classname="enh.web.tests.ZestIOT_019_Verifying_COBT_For_DIALCelebi_User"/>
</testsuite> <!-- enh.web.tests.ZestIOT_019_Verifying_COBT_For_DIALCelebi_User -->
