<?xml version="1.0" encoding="UTF-8"?>
<!-- Generated by org.testng.reporters.JUnitReportReporter -->
<testsuite skipped="0" hostname="DESKTOP-4FTJ60U" name="enh.web.tests.ZestIOT_000_bsspl" tests="1" failures="0" timestamp="19 Dec 2019 13:29:33 GMT" time="475.702" errors="0">
  <testcase name="test" time="475.702" classname="enh.web.tests.ZestIOT_000_bsspl"/>
</testsuite> <!-- enh.web.tests.ZestIOT_000_bsspl -->
