<?xml version="1.0" encoding="UTF-8"?>
<!-- Generated by org.testng.reporters.JUnitReportReporter -->
<testsuite skipped="0" hostname="DESKTOP-4FTJ60U" name="enh.web.tests.ZestIOT_020_Verifying_COBT_For_GMR_HYD_AISATS_User" tests="1" failures="0" timestamp="01 Dec 2019 09:22:37 GMT" time="5.102" errors="0">
  <testcase name="test" time="5.102" classname="enh.web.tests.ZestIOT_020_Verifying_COBT_For_GMR_HYD_AISATS_User"/>
</testsuite> <!-- enh.web.tests.ZestIOT_020_Verifying_COBT_For_GMR_HYD_AISATS_User -->
