<?xml version="1.0" encoding="UTF-8"?>
<!-- Generated by org.testng.reporters.JUnitReportReporter -->
<testsuite skipped="0" hostname="DESKTOP-4FTJ60U" name="enh.web.tests.ZestIOT_AV_2307_GMR_HYD_SensorATA_OnBlock_OffBlock_SensorATD_Validation" tests="1" failures="0" timestamp="09 Dec 2019 08:57:01 GMT" time="39.704" errors="0">
  <testcase name="test" time="39.704" classname="enh.web.tests.ZestIOT_AV_2307_GMR_HYD_SensorATA_OnBlock_OffBlock_SensorATD_Validation"/>
</testsuite> <!-- enh.web.tests.ZestIOT_AV_2307_GMR_HYD_SensorATA_OnBlock_OffBlock_SensorATD_Validation -->
