<?xml version="1.0" encoding="UTF-8"?>
<!-- Generated by org.testng.reporters.JUnitReportReporter -->
<testsuite skipped="0" hostname="DESKTOP-4FTJ60U" name="enh.web.tests.ZestIOT_TestCasesMailReport" tests="26" failures="0" timestamp="12 Dec 2019 07:23:01 GMT" time="35.745" errors="0">
  <testcase name="test" time="0.437" classname="enh.web.tests.ZestIOT_TestCasesMailReport"/>
  <testcase name="test" time="0.338" classname="enh.web.tests.ZestIOT_TestCasesMailReport"/>
  <testcase name="test" time="2.236" classname="enh.web.tests.ZestIOT_TestCasesMailReport"/>
  <testcase name="test" time="1.192" classname="enh.web.tests.ZestIOT_TestCasesMailReport"/>
  <testcase name="test" time="1.684" classname="enh.web.tests.ZestIOT_TestCasesMailReport"/>
  <testcase name="test" time="1.181" classname="enh.web.tests.ZestIOT_TestCasesMailReport"/>
  <testcase name="test" time="0.265" classname="enh.web.tests.ZestIOT_TestCasesMailReport"/>
  <testcase name="test" time="0.449" classname="enh.web.tests.ZestIOT_TestCasesMailReport"/>
  <testcase name="test" time="1.751" classname="enh.web.tests.ZestIOT_TestCasesMailReport"/>
  <testcase name="test" time="1.421" classname="enh.web.tests.ZestIOT_TestCasesMailReport"/>
  <testcase name="test" time="2.682" classname="enh.web.tests.ZestIOT_TestCasesMailReport"/>
  <testcase name="test" time="1.874" classname="enh.web.tests.ZestIOT_TestCasesMailReport"/>
  <testcase name="test" time="2.660" classname="enh.web.tests.ZestIOT_TestCasesMailReport"/>
  <testcase name="test" time="0.144" classname="enh.web.tests.ZestIOT_TestCasesMailReport"/>
  <testcase name="test" time="0.489" classname="enh.web.tests.ZestIOT_TestCasesMailReport"/>
  <testcase name="test" time="2.126" classname="enh.web.tests.ZestIOT_TestCasesMailReport"/>
  <testcase name="test" time="0.812" classname="enh.web.tests.ZestIOT_TestCasesMailReport"/>
  <testcase name="test" time="2.197" classname="enh.web.tests.ZestIOT_TestCasesMailReport"/>
  <testcase name="test" time="0.746" classname="enh.web.tests.ZestIOT_TestCasesMailReport"/>
  <testcase name="test" time="1.437" classname="enh.web.tests.ZestIOT_TestCasesMailReport"/>
  <testcase name="test" time="0.519" classname="enh.web.tests.ZestIOT_TestCasesMailReport"/>
  <testcase name="test" time="0.371" classname="enh.web.tests.ZestIOT_TestCasesMailReport"/>
  <testcase name="test" time="2.008" classname="enh.web.tests.ZestIOT_TestCasesMailReport"/>
  <testcase name="test" time="1.221" classname="enh.web.tests.ZestIOT_TestCasesMailReport"/>
  <testcase name="test" time="3.601" classname="enh.web.tests.ZestIOT_TestCasesMailReport"/>
  <testcase name="test" time="1.904" classname="enh.web.tests.ZestIOT_TestCasesMailReport"/>
</testsuite> <!-- enh.web.tests.ZestIOT_TestCasesMailReport -->
