<?xml version="1.0" encoding="UTF-8"?>
<!-- Generated by org.testng.reporters.JUnitReportReporter -->
<testsuite skipped="0" hostname="ESL007" name="enh.web.tests.ZestIOT_AV_2294__DIAL_Delhi_Identify_coverage_of_Flight_Sensor_and_Validate_timestamps_of_Departure_Aircrafts" tests="1" failures="0" timestamp="13 Dec 2019 11:50:08 GMT" time="21.147" errors="0">
  <testcase name="test" time="21.147" classname="enh.web.tests.ZestIOT_AV_2294__DIAL_Delhi_Identify_coverage_of_Flight_Sensor_and_Validate_timestamps_of_Departure_Aircrafts"/>
</testsuite> <!-- enh.web.tests.ZestIOT_AV_2294__DIAL_Delhi_Identify_coverage_of_Flight_Sensor_and_Validate_timestamps_of_Departure_Aircrafts -->
