<?xml version="1.0" encoding="UTF-8"?>
<!-- Generated by org.testng.reporters.JUnitReportReporter -->
<testsuite skipped="0" hostname="DESKTOP-4FTJ60U" name="enh.web.tests.ZestIOT_019_Verifying_COBT_For_DIALCelebi_User" tests="1" failures="0" timestamp="04 Dec 2019 05:42:26 GMT" time="4.385" errors="0">
  <testcase name="test" time="4.385" classname="enh.web.tests.ZestIOT_019_Verifying_COBT_For_DIALCelebi_User"/>
</testsuite> <!-- enh.web.tests.ZestIOT_019_Verifying_COBT_For_DIALCelebi_User -->
