<?xml version="1.0" encoding="UTF-8"?>
<!-- Generated by org.testng.reporters.JUnitReportReporter -->
<testsuite skipped="0" hostname="DESKTOP-4FTJ60U" name="enh.web.tests.ZestIOT_AV_2294__GMR_HYD_Identify_coverage_of_Flight_Sensor_and_Validate_timestamps_of_Departure_Aircrafts" tests="1" failures="0" timestamp="08 Jan 2020 07:53:28 GMT" time="24.680" errors="0">
  <testcase name="test" time="24.680" classname="enh.web.tests.ZestIOT_AV_2294__GMR_HYD_Identify_coverage_of_Flight_Sensor_and_Validate_timestamps_of_Departure_Aircrafts"/>
</testsuite> <!-- enh.web.tests.ZestIOT_AV_2294__GMR_HYD_Identify_coverage_of_Flight_Sensor_and_Validate_timestamps_of_Departure_Aircrafts -->
