<?xml version="1.0" encoding="UTF-8"?>
<!-- Generated by org.testng.reporters.JUnitReportReporter -->
<testsuite skipped="0" hostname="DESKTOP-4FTJ60U" name="enh.web.tests.ZestIOT_2268_Verifying_COBT_For_DIALCelebi_User" tests="1" failures="0" timestamp="06 Dec 2019 05:54:20 GMT" time="6.551" errors="0">
  <testcase name="test" time="6.551" classname="enh.web.tests.ZestIOT_2268_Verifying_COBT_For_DIALCelebi_User"/>
</testsuite> <!-- enh.web.tests.ZestIOT_2268_Verifying_COBT_For_DIALCelebi_User -->
