<?xml version="1.0" encoding="UTF-8"?>
<!-- Generated by org.testng.reporters.JUnitReportReporter -->
<testsuite skipped="0" hostname="DESKTOP-4FTJ60U" name="enh.web.tests.ZestIOT_2268_Verifying_COBT_For_GMR_HYD_SG_User" tests="1" failures="0" timestamp="09 Dec 2019 05:34:46 GMT" time="5.277" errors="0">
  <testcase name="test" time="5.277" classname="enh.web.tests.ZestIOT_2268_Verifying_COBT_For_GMR_HYD_SG_User"/>
</testsuite> <!-- enh.web.tests.ZestIOT_2268_Verifying_COBT_For_GMR_HYD_SG_User -->
