<?xml version="1.0" encoding="UTF-8"?>
<!-- Generated by org.testng.reporters.JUnitReportReporter -->
<testsuite name="enh.web.tests.ZestIOT_AV_2405_bsspl" tests="1" time="484.087" ignored="0" failures="0" timestamp="20 Dec 2019 06:03:20 GMT" skipped="0" hostname="ESL007" errors="0">
  <testcase name="test" time="484.087" classname="enh.web.tests.ZestIOT_AV_2405_bsspl"/>
</testsuite> <!-- enh.web.tests.ZestIOT_AV_2405_bsspl -->
