<?xml version="1.0" encoding="UTF-8"?>
<!-- Generated by org.testng.reporters.JUnitReportReporter -->
<testsuite skipped="0" hostname="DESKTOP-4FTJ60U" name="enh.web.tests.ZestIOT_AV_2405_bsspl" tests="1" failures="0" timestamp="13 Jan 2020 10:45:19 GMT" time="601.637" errors="0">
  <testcase name="test" time="601.637" classname="enh.web.tests.ZestIOT_AV_2405_bsspl"/>
</testsuite> <!-- enh.web.tests.ZestIOT_AV_2405_bsspl -->
