<?xml version="1.0" encoding="UTF-8"?>
<!-- Generated by org.testng.reporters.JUnitReportReporter -->
<testsuite skipped="0" hostname="DESKTOP-4FTJ60U" name="enh.web.tests.ZestIOT_2293_GMR_HYD_Sensor_And_Scheduled_data_Validation" tests="1" failures="0" timestamp="05 Dec 2019 07:06:42 GMT" time="23.489" errors="0">
  <testcase name="test" time="23.489" classname="enh.web.tests.ZestIOT_2293_GMR_HYD_Sensor_And_Scheduled_data_Validation"/>
</testsuite> <!-- enh.web.tests.ZestIOT_2293_GMR_HYD_Sensor_And_Scheduled_data_Validation -->
