<?xml version="1.0" encoding="UTF-8"?>
<!-- Generated by org.testng.reporters.JUnitReportReporter -->
<testsuite skipped="0" hostname="ESL007" name="enh.web.tests.ZestIOT_AV_2307_GMR_HYD_Validate_LANDING_ONBLOCK_OFFBLOCK_AIRBORNE_timestamps_of_Arrival_and_Departure_aircrafts_Any_Data_source" tests="1" failures="0" timestamp="13 Dec 2019 11:50:07 GMT" time="39.411" errors="0">
  <testcase name="test" time="39.411" classname="enh.web.tests.ZestIOT_AV_2307_GMR_HYD_Validate_LANDING_ONBLOCK_OFFBLOCK_AIRBORNE_timestamps_of_Arrival_and_Departure_aircrafts_Any_Data_source"/>
</testsuite> <!-- enh.web.tests.ZestIOT_AV_2307_GMR_HYD_Validate_LANDING_ONBLOCK_OFFBLOCK_AIRBORNE_timestamps_of_Arrival_and_Departure_aircrafts_Any_Data_source -->
