<?xml version="1.0" encoding="UTF-8"?>
<!-- Generated by org.testng.reporters.JUnitReportReporter -->
<testsuite skipped="0" hostname="DESKTOP-4FTJ60U" name="enh.web.tests.ZestIOT_AV_2405_bsspl" tests="1" failures="0" timestamp="17 Jan 2020 10:53:40 GMT" time="545.097" errors="0">
  <testcase name="test" time="545.097" classname="enh.web.tests.ZestIOT_AV_2405_bsspl"/>
</testsuite> <!-- enh.web.tests.ZestIOT_AV_2405_bsspl -->
