<?xml version="1.0" encoding="UTF-8"?>
<!-- Generated by org.testng.reporters.JUnitReportReporter -->
<testsuite skipped="0" hostname="DESKTOP-4FTJ60U" name="enh.web.tests.ZestIOT_AV_2272_Verify_Pushback_Activities" tests="1" failures="0" timestamp="17 Jan 2020 08:42:30 GMT" time="1515.014" errors="0">
  <testcase name="test" time="1515.014" classname="enh.web.tests.ZestIOT_AV_2272_Verify_Pushback_Activities"/>
</testsuite> <!-- enh.web.tests.ZestIOT_AV_2272_Verify_Pushback_Activities -->
