<?xml version="1.0" encoding="UTF-8"?>
<!-- Generated by org.testng.reporters.JUnitReportReporter -->
<testsuite skipped="0" hostname="DESKTOP-4FTJ60U" name="enh.web.tests.ZestIOT_AV_2268_Validate_Accuracy_of_COBT_For_GMR_HYD_SG_User" tests="1" failures="0" timestamp="27 Dec 2019 08:21:14 GMT" time="5.201" errors="0">
  <testcase name="test" time="5.201" classname="enh.web.tests.ZestIOT_AV_2268_Validate_Accuracy_of_COBT_For_GMR_HYD_SG_User"/>
</testsuite> <!-- enh.web.tests.ZestIOT_AV_2268_Validate_Accuracy_of_COBT_For_GMR_HYD_SG_User -->
