<?xml version="1.0" encoding="UTF-8"?>
<!-- Generated by org.testng.reporters.JUnitReportReporter -->
<testsuite skipped="0" hostname="DESKTOP-4FTJ60U" name="enh.web.tests.ZestIOT_AV_2294_Identify_coverage_of_Flight_Sensor_and_Validate_timestamps_of_Departure_Aircrafts" tests="1" failures="0" timestamp="10 Dec 2019 06:04:23 GMT" time="23.944" errors="0">
  <testcase name="test" time="23.944" classname="enh.web.tests.ZestIOT_AV_2294_Identify_coverage_of_Flight_Sensor_and_Validate_timestamps_of_Departure_Aircrafts"/>
</testsuite> <!-- enh.web.tests.ZestIOT_AV_2294_Identify_coverage_of_Flight_Sensor_and_Validate_timestamps_of_Departure_Aircrafts -->
