<?xml version="1.0" encoding="UTF-8"?>
<!-- Generated by org.testng.reporters.JUnitReportReporter -->
<testsuite skipped="0" hostname="ESL007" name="suite.runner.CustomSuiteRunner" tests="1" failures="0" timestamp="13 Dec 2019 11:39:58 GMT" time="0.926" errors="0">
  <testcase name="suiteRunner" time="0.926" classname="suite.runner.CustomSuiteRunner"/>
</testsuite> <!-- suite.runner.CustomSuiteRunner -->
