<?xml version="1.0" encoding="UTF-8"?>
<!-- Generated by org.testng.reporters.JUnitReportReporter -->
<testsuite skipped="0" hostname="ESL007" name="suite.runner.CustomSuiteRunner" tests="1" failures="0" timestamp="16 Dec 2019 10:31:41 GMT" time="57.200" errors="0">
  <testcase name="suiteRunner" time="57.200" classname="suite.runner.CustomSuiteRunner"/>
</testsuite> <!-- suite.runner.CustomSuiteRunner -->
