<?xml version="1.0" encoding="UTF-8"?>
<!-- Generated by org.testng.reporters.JUnitReportReporter -->
<testsuite skipped="0" hostname="DESKTOP-4FTJ60U" name="suite.runner.CustomSuiteRunner" tests="1" failures="0" timestamp="02 Dec 2019 06:04:45 GMT" time="21.512" errors="0">
  <testcase name="suiteRunner" time="21.512" classname="suite.runner.CustomSuiteRunner"/>
</testsuite> <!-- suite.runner.CustomSuiteRunner -->
