<?xml version="1.0" encoding="UTF-8"?>
<!-- Generated by org.testng.reporters.JUnitReportReporter -->
<testsuite skipped="0" hostname="DESKTOP-4FTJ60U" name="suite.runner.CustomSuiteRunner" tests="1" failures="0" timestamp="06 Dec 2019 10:43:28 GMT" time="65.405" errors="0">
  <testcase name="suiteRunner" time="65.405" classname="suite.runner.CustomSuiteRunner"/>
</testsuite> <!-- suite.runner.CustomSuiteRunner -->
