<?xml version="1.0" encoding="UTF-8"?>
<!-- Generated by org.testng.reporters.JUnitReportReporter -->
<testsuite skipped="0" hostname="DESKTOP-4FTJ60U" name="suite.runner.CustomSuiteRunner" tests="1" failures="0" timestamp="11 Dec 2019 07:02:44 GMT" time="181.351" errors="0">
  <testcase name="suiteRunner" time="181.351" classname="suite.runner.CustomSuiteRunner"/>
</testsuite> <!-- suite.runner.CustomSuiteRunner -->
